# JRE version: Java(TM) SE Runtime Environment (9.0+11) (build 9.0.4+11)
# Java VM: Java HotSpot(TM) 64-Bit Server VM (9.0.4+11, mixed mode, tiered, compressed oops, g1 gc, windows-amd64)
Heap:
 garbage-first heap   total 308224K, used 162135K [0x0000000700000000, 0x0000000700100968, 0x00000007c0000000)
  region size 1024K, 56 young (57344K), 1 survivors (1024K)
 Metaspace       used 91943K, capacity 95487K, committed 100608K, reserved 1136640K
  class space    used 12125K, capacity 12792K, committed 13824K, reserved 1048576K
GC Heap History (10 events):
Event: 4009.687 GC heap before
{Heap before GC invocations=763 (full 226):
 garbage-first heap   total 308224K, used 166916K [0x0000000700000000, 0x0000000700100968, 0x00000007c0000000)
  region size 1024K, 60 young (61440K), 1 survivors (1024K)
 Metaspace       used 91938K, capacity 95487K, committed 100608K, reserved 1136640K
  class space    used 12125K, capacity 12792K, committed 13824K, reserved 1048576K
}
Event: 4009.688 GC heap after
{Heap after GC invocations=764 (full 226):
 garbage-first heap   total 308224K, used 106477K [0x0000000700000000, 0x0000000700100968, 0x00000007c0000000)
  region size 1024K, 1 young (1024K), 1 survivors (1024K)
 Metaspace       used 91938K, capacity 95487K, committed 100608K, reserved 1136640K
  class space    used 12125K, capacity 12792K, committed 13824K, reserved 1048576K
}
Event: 4011.015 GC heap before
{Heap before GC invocations=764 (full 226):
 garbage-first heap   total 308224K, used 166893K [0x0000000700000000, 0x0000000700100968, 0x00000007c0000000)
  region size 1024K, 60 young (61440K), 1 survivors (1024K)
 Metaspace       used 91938K, capacity 95487K, committed 100608K, reserved 1136640K
  class space    used 12125K, capacity 12792K, committed 13824K, reserved 1048576K
}
Event: 4011.017 GC heap after
{Heap after GC invocations=765 (full 226):
 garbage-first heap   total 308224K, used 106488K [0x0000000700000000, 0x0000000700100968, 0x00000007c0000000)
  region size 1024K, 1 young (1024K), 1 survivors (1024K)
 Metaspace       used 91938K, capacity 95487K, committed 100608K, reserved 1136640K
  class space    used 12125K, capacity 12792K, committed 13824K, reserved 1048576K
}
Event: 4012.173 GC heap before
{Heap before GC invocations=765 (full 226):
 garbage-first heap   total 308224K, used 166904K [0x0000000700000000, 0x0000000700100968, 0x00000007c0000000)
  region size 1024K, 60 young (61440K), 1 survivors (1024K)
 Metaspace       used 91939K, capacity 95487K, committed 100608K, reserved 1136640K
  class space    used 12125K, capacity 12792K, committed 13824K, reserved 1048576K
}
Event: 4012.175 GC heap after
{Heap after GC invocations=766 (full 226):
 garbage-first heap   total 308224K, used 106700K [0x0000000700000000, 0x0000000700100968, 0x00000007c0000000)
  region size 1024K, 1 young (1024K), 1 survivors (1024K)
 Metaspace       used 91939K, capacity 95487K, committed 100608K, reserved 1136640K
  class space    used 12125K, capacity 12792K, committed 13824K, reserved 1048576K
}
Event: 4012.578 GC heap before
{Heap before GC invocations=766 (full 226):
 garbage-first heap   total 308224K, used 167116K [0x0000000700000000, 0x0000000700100968, 0x00000007c0000000)
  region size 1024K, 60 young (61440K), 1 survivors (1024K)
 Metaspace       used 91939K, capacity 95487K, committed 100608K, reserved 1136640K
  class space    used 12125K, capacity 12792K, committed 13824K, reserved 1048576K
}
Event: 4012.580 GC heap after
{Heap after GC invocations=767 (full 226):
 garbage-first heap   total 308224K, used 106790K [0x0000000700000000, 0x0000000700100968, 0x00000007c0000000)
  region size 1024K, 1 young (1024K), 1 survivors (1024K)
 Metaspace       used 91939K, capacity 95487K, committed 100608K, reserved 1136640K
  class space    used 12125K, capacity 12792K, committed 13824K, reserved 1048576K
}
Event: 4014.743 GC heap before
{Heap before GC invocations=767 (full 226):
 garbage-first heap   total 308224K, used 167206K [0x0000000700000000, 0x0000000700100968, 0x00000007c0000000)
  region size 1024K, 60 young (61440K), 1 survivors (1024K)
 Metaspace       used 91940K, capacity 95487K, committed 100608K, reserved 1136640K
  class space    used 12125K, capacity 12792K, committed 13824K, reserved 1048576K
}
Event: 4014.745 GC heap after
{Heap after GC invocations=768 (full 226):
 garbage-first heap   total 308224K, used 106839K [0x0000000700000000, 0x0000000700100968, 0x00000007c0000000)
  region size 1024K, 1 young (1024K), 1 survivors (1024K)
 Metaspace       used 91940K, capacity 95487K, committed 100608K, reserved 1136640K
  class space    used 12125K, capacity 12792K, committed 13824K, reserved 1048576K
}

