# JRE version: Java(TM) SE Runtime Environment (9.0+11) (build 9.0.4+11)
# Java VM: Java HotSpot(TM) 64-Bit Server VM (9.0.4+11, mixed mode, tiered, compressed oops, g1 gc, windows-amd64)
Heap:
 garbage-first heap   total 251904K, used 99010K [0x0000000700000000, 0x00000007001007b0, 0x00000007c0000000)
  region size 1024K, 24 young (24576K), 1 survivors (1024K)
 Metaspace       used 84550K, capacity 90749K, committed 90880K, reserved 1128448K
  class space    used 11325K, capacity 12437K, committed 12544K, reserved 1048576K
GC Heap History (10 events):
Event: 1769.880 GC heap before
{Heap before GC invocations=555 (full 148):
 garbage-first heap   total 251904K, used 136657K [0x0000000700000000, 0x00000007001007b0, 0x00000007c0000000)
  region size 1024K, 60 young (61440K), 1 survivors (1024K)
 Metaspace       used 84548K, capacity 90749K, committed 90880K, reserved 1128448K
  class space    used 11325K, capacity 12437K, committed 12544K, reserved 1048576K
}
Event: 1769.882 GC heap after
{Heap after GC invocations=556 (full 148):
 garbage-first heap   total 251904K, used 76473K [0x0000000700000000, 0x00000007001007b0, 0x00000007c0000000)
  region size 1024K, 1 young (1024K), 1 survivors (1024K)
 Metaspace       used 84548K, capacity 90749K, committed 90880K, reserved 1128448K
  class space    used 11325K, capacity 12437K, committed 12544K, reserved 1048576K
}
Event: 1771.795 GC heap before
{Heap before GC invocations=556 (full 148):
 garbage-first heap   total 251904K, used 136889K [0x0000000700000000, 0x00000007001007b0, 0x00000007c0000000)
  region size 1024K, 60 young (61440K), 1 survivors (1024K)
 Metaspace       used 84548K, capacity 90749K, committed 90880K, reserved 1128448K
  class space    used 11325K, capacity 12437K, committed 12544K, reserved 1048576K
}
Event: 1771.796 GC heap after
{Heap after GC invocations=557 (full 148):
 garbage-first heap   total 251904K, used 76698K [0x0000000700000000, 0x00000007001007b0, 0x00000007c0000000)
  region size 1024K, 1 young (1024K), 1 survivors (1024K)
 Metaspace       used 84548K, capacity 90749K, committed 90880K, reserved 1128448K
  class space    used 11325K, capacity 12437K, committed 12544K, reserved 1048576K
}
Event: 1772.679 GC heap before
{Heap before GC invocations=557 (full 148):
 garbage-first heap   total 251904K, used 137114K [0x0000000700000000, 0x00000007001007b0, 0x00000007c0000000)
  region size 1024K, 60 young (61440K), 1 survivors (1024K)
 Metaspace       used 84548K, capacity 90749K, committed 90880K, reserved 1128448K
  class space    used 11325K, capacity 12437K, committed 12544K, reserved 1048576K
}
Event: 1772.681 GC heap after
{Heap after GC invocations=558 (full 148):
 garbage-first heap   total 251904K, used 76456K [0x0000000700000000, 0x00000007001007b0, 0x00000007c0000000)
  region size 1024K, 1 young (1024K), 1 survivors (1024K)
 Metaspace       used 84548K, capacity 90749K, committed 90880K, reserved 1128448K
  class space    used 11325K, capacity 12437K, committed 12544K, reserved 1048576K
}
Event: 1773.738 GC heap before
{Heap before GC invocations=558 (full 148):
 garbage-first heap   total 251904K, used 136872K [0x0000000700000000, 0x00000007001007b0, 0x00000007c0000000)
  region size 1024K, 60 young (61440K), 1 survivors (1024K)
 Metaspace       used 84548K, capacity 90749K, committed 90880K, reserved 1128448K
  class space    used 11325K, capacity 12437K, committed 12544K, reserved 1048576K
}
Event: 1773.739 GC heap after
{Heap after GC invocations=559 (full 148):
 garbage-first heap   total 251904K, used 76388K [0x0000000700000000, 0x00000007001007b0, 0x00000007c0000000)
  region size 1024K, 1 young (1024K), 1 survivors (1024K)
 Metaspace       used 84548K, capacity 90749K, committed 90880K, reserved 1128448K
  class space    used 11325K, capacity 12437K, committed 12544K, reserved 1048576K
}
Event: 1774.824 GC heap before
{Heap before GC invocations=559 (full 148):
 garbage-first heap   total 251904K, used 136804K [0x0000000700000000, 0x00000007001007b0, 0x00000007c0000000)
  region size 1024K, 61 young (62464K), 1 survivors (1024K)
 Metaspace       used 84548K, capacity 90749K, committed 90880K, reserved 1128448K
  class space    used 11325K, capacity 12437K, committed 12544K, reserved 1048576K
}
Event: 1774.826 GC heap after
{Heap after GC invocations=560 (full 148):
 garbage-first heap   total 251904K, used 76482K [0x0000000700000000, 0x00000007001007b0, 0x00000007c0000000)
  region size 1024K, 1 young (1024K), 1 survivors (1024K)
 Metaspace       used 84548K, capacity 90749K, committed 90880K, reserved 1128448K
  class space    used 11325K, capacity 12437K, committed 12544K, reserved 1048576K
}

